2025-11-09 14:24:17,737:INFO:Successfully loaded .env file
2025-11-09 14:24:17,737:INFO:Credentials loaded from .env file: PROJECT_ID=********..., API_KEY=********...
2025-11-09 14:24:17,737:INFO:Starting data preprocessing...
2025-11-09 14:24:17,737:INFO:Loading CSV files...
2025-11-09 14:24:17,962:INFO:Loaded 3191 federal employment records
2025-11-09 14:24:17,962:INFO:Loaded 3222 SNAP records
2025-11-09 14:24:17,962:INFO:Loaded 166620 unemployment records
2025-11-09 14:24:17,962:INFO:Loaded 31430 cost of living records
2025-11-09 14:24:17,962:INFO:Processing Federal Employment data...
2025-11-09 14:24:22,599:INFO:Processing Unemployment data...
2025-11-09 14:24:34,754:INFO:Processing SNAP data...
2025-11-09 14:24:35,713:INFO:Processing Cost of Living data...
2025-11-09 14:24:37,686:INFO:Merging time series data...
2025-11-09 14:24:37,983:INFO:Calculating risk index...
2025-11-09 14:24:38,139:INFO:Risk index calculation: 1617591 valid values, 0 NaN values
2025-11-09 14:24:38,143:INFO:Risk index stats: min=0.007994, max=88210.872850, mean=715.533965
2025-11-09 14:24:38,786:INFO:Preprocessed 1617591 time series records for 3221 counties
2025-11-09 14:24:38,940:INFO:Initializing watsonx.ai client...
2025-11-09 14:24:38,941:INFO:API_KEY loaded: True, PROJECT_ID loaded: True
2025-11-09 14:24:40,244:INFO:watsonx.ai client initialized successfully.
2025-11-09 14:24:40,244:INFO:Starting time series forecasting for each county using IBM Time Series Forecasting...
2025-11-09 14:24:40,945:INFO:Using model ibm/granite-ttm-512-96-r2 which requires at least 512 data points per county
2025-11-09 14:24:41,245:INFO:Processing Abbeville, SC: 512 data points
2025-11-09 14:24:41,955:INFO:Forecast for Abbeville, SC: forecasted=223.808243, actual=294.442836, combined=294.442836
2025-11-09 14:24:42,217:INFO:Processing Acadia Parish, LA: 512 data points
2025-11-09 14:24:42,673:INFO:Forecast for Acadia Parish, LA: forecasted=875.638000, actual=1012.044562, combined=1012.044562
2025-11-09 14:24:42,814:INFO:Processing Accomack, VA: 512 data points
2025-11-09 14:24:43,013:INFO:Forecast for Accomack, VA: forecasted=272.114990, actual=358.043472, combined=358.043472
2025-11-09 14:24:43,155:INFO:Processing Ada, ID: 512 data points
2025-11-09 14:24:43,371:INFO:Forecast for Ada, ID: forecasted=1749.970703, actual=2022.651662, combined=2022.651662
2025-11-09 14:24:43,510:INFO:Processing Adair, IA: 512 data points
2025-11-09 14:24:43,740:INFO:Forecast for Adair, IA: forecasted=58.021839, actual=67.039817, combined=67.039817
2025-11-09 14:24:45,838:INFO:Processed 10/3221 counties...
2025-11-09 14:24:49,582:INFO:Processed 20/3221 counties...
2025-11-09 14:24:53,117:INFO:Processed 30/3221 counties...
2025-11-09 14:24:56,428:INFO:Processed 40/3221 counties...
2025-11-09 14:24:59,699:INFO:Processed 50/3221 counties...
2025-11-09 14:25:03,048:INFO:Processed 60/3221 counties...
2025-11-09 14:25:06,547:INFO:Processed 70/3221 counties...
2025-11-09 14:25:10,216:INFO:Processed 80/3221 counties...
2025-11-09 14:25:13,831:INFO:Processed 90/3221 counties...
2025-11-09 14:25:17,925:INFO:Processed 100/3221 counties...
2025-11-09 14:25:21,522:INFO:Processed 110/3221 counties...
2025-11-09 14:25:25,271:INFO:Processed 120/3221 counties...
2025-11-09 14:25:29,070:INFO:Processed 130/3221 counties...
2025-11-09 14:25:32,950:INFO:Processed 140/3221 counties...
2025-11-09 14:25:36,167:INFO:Processed 150/3221 counties...
2025-11-09 14:25:39,865:INFO:Processed 160/3221 counties...
2025-11-09 14:25:43,284:INFO:Processed 170/3221 counties...
2025-11-09 14:25:46,671:INFO:Processed 180/3221 counties...
2025-11-09 14:25:50,221:INFO:Processed 190/3221 counties...
2025-11-09 14:25:53,765:INFO:Processed 200/3221 counties...
2025-11-09 14:25:57,367:INFO:Processed 210/3221 counties...
2025-11-09 14:26:00,923:INFO:Processed 220/3221 counties...
2025-11-09 14:26:04,494:INFO:Processed 230/3221 counties...
2025-11-09 14:26:07,971:INFO:Processed 240/3221 counties...
2025-11-09 14:26:11,902:INFO:Processed 250/3221 counties...
2025-11-09 14:26:15,768:INFO:Processed 260/3221 counties...
2025-11-09 14:26:19,217:INFO:Processed 270/3221 counties...
2025-11-09 14:26:22,959:INFO:Processed 280/3221 counties...
2025-11-09 14:26:27,169:INFO:Processed 290/3221 counties...
2025-11-09 14:26:30,861:INFO:Processed 300/3221 counties...
2025-11-09 14:26:34,618:INFO:Processed 310/3221 counties...
2025-11-09 14:26:47,597:INFO:Processed 320/3221 counties...
2025-11-09 14:26:53,925:INFO:Processed 330/3221 counties...
2025-11-09 14:26:57,639:INFO:Processed 340/3221 counties...
2025-11-09 14:27:01,269:INFO:Processed 350/3221 counties...
2025-11-09 14:27:04,961:INFO:Processed 360/3221 counties...
2025-11-09 14:27:08,495:INFO:Processed 370/3221 counties...
2025-11-09 14:27:12,283:INFO:Processed 380/3221 counties...
2025-11-09 14:27:15,799:INFO:Processed 390/3221 counties...
2025-11-09 14:27:19,656:INFO:Processed 400/3221 counties...
2025-11-09 14:27:23,474:INFO:Processed 410/3221 counties...
2025-11-09 14:27:27,336:INFO:Processed 420/3221 counties...
2025-11-09 14:27:31,849:INFO:Processed 430/3221 counties...
2025-11-09 14:27:35,425:INFO:Processed 440/3221 counties...
2025-11-09 14:27:39,188:INFO:Processed 450/3221 counties...
2025-11-09 14:27:43,143:INFO:Processed 460/3221 counties...
2025-11-09 14:27:46,792:INFO:Processed 470/3221 counties...
2025-11-09 14:27:50,813:INFO:Processed 480/3221 counties...
2025-11-09 14:27:54,637:INFO:Processed 490/3221 counties...
2025-11-09 14:27:58,851:INFO:Processed 500/3221 counties...
2025-11-09 14:28:02,361:INFO:Processed 510/3221 counties...
2025-11-09 14:28:06,148:INFO:Processed 520/3221 counties...
2025-11-09 14:28:09,574:INFO:Processed 530/3221 counties...
2025-11-09 14:28:13,005:INFO:Processed 540/3221 counties...
2025-11-09 14:28:16,488:INFO:Processed 550/3221 counties...
2025-11-09 14:28:20,010:INFO:Processed 560/3221 counties...
2025-11-09 14:28:23,861:INFO:Processed 570/3221 counties...
2025-11-09 14:28:27,702:INFO:Processed 580/3221 counties...
2025-11-09 14:28:31,242:INFO:Processed 590/3221 counties...
2025-11-09 14:28:34,866:INFO:Processed 600/3221 counties...
2025-11-09 14:28:38,243:INFO:Processed 610/3221 counties...
2025-11-09 14:28:41,719:INFO:Processed 620/3221 counties...
2025-11-09 14:28:45,264:INFO:Processed 630/3221 counties...
2025-11-09 14:28:49,006:INFO:Processed 640/3221 counties...
2025-11-09 14:28:52,987:INFO:Processed 650/3221 counties...
2025-11-09 14:28:56,418:INFO:Processed 660/3221 counties...
2025-11-09 14:28:59,907:INFO:Processed 670/3221 counties...
2025-11-09 14:29:03,889:INFO:Processed 680/3221 counties...
2025-11-09 14:29:07,505:INFO:Processed 690/3221 counties...
2025-11-09 14:29:38,923:INFO:Processed 700/3221 counties...
2025-11-09 14:29:43,131:INFO:Processed 710/3221 counties...
2025-11-09 14:29:47,318:INFO:Processed 720/3221 counties...
2025-11-09 14:29:51,136:INFO:Processed 730/3221 counties...
2025-11-09 14:29:54,841:INFO:Processed 740/3221 counties...
2025-11-09 14:29:59,322:INFO:Processed 750/3221 counties...
2025-11-09 14:30:03,392:INFO:Processed 760/3221 counties...
2025-11-09 14:30:07,037:INFO:Processed 770/3221 counties...
2025-11-09 14:30:11,115:INFO:Processed 780/3221 counties...
2025-11-09 14:30:14,804:INFO:Processed 790/3221 counties...
2025-11-09 14:30:18,609:INFO:Processed 800/3221 counties...
2025-11-09 14:30:22,614:INFO:Processed 810/3221 counties...
2025-11-09 14:30:26,588:INFO:Processed 820/3221 counties...
2025-11-09 14:30:30,022:INFO:Processed 830/3221 counties...
2025-11-09 14:30:33,910:INFO:Processed 840/3221 counties...
2025-11-09 14:30:37,576:INFO:Processed 850/3221 counties...
2025-11-09 14:30:41,364:INFO:Processed 860/3221 counties...
2025-11-09 14:30:45,482:INFO:Processed 870/3221 counties...
2025-11-09 14:30:49,167:INFO:Processed 880/3221 counties...
2025-11-09 14:30:52,914:INFO:Processed 890/3221 counties...
2025-11-09 14:30:56,541:INFO:Processed 900/3221 counties...
2025-11-09 14:31:00,431:INFO:Processed 910/3221 counties...
2025-11-09 14:31:04,130:INFO:Processed 920/3221 counties...
2025-11-09 14:31:07,627:INFO:Processed 930/3221 counties...
2025-11-09 14:31:11,060:INFO:Processed 940/3221 counties...
2025-11-09 14:31:15,078:INFO:Processed 950/3221 counties...
2025-11-09 14:31:18,793:INFO:Processed 960/3221 counties...
2025-11-09 14:31:22,163:INFO:Processed 970/3221 counties...
2025-11-09 14:31:26,105:INFO:Processed 980/3221 counties...
2025-11-09 14:31:29,761:INFO:Processed 990/3221 counties...
2025-11-09 14:31:33,386:INFO:Processed 1000/3221 counties...
2025-11-09 14:31:37,582:INFO:Processed 1010/3221 counties...
2025-11-09 14:31:41,597:INFO:Processed 1020/3221 counties...
2025-11-09 14:31:45,757:INFO:Processed 1030/3221 counties...
2025-11-09 14:31:49,593:INFO:Processed 1040/3221 counties...
2025-11-09 14:31:53,329:INFO:Processed 1050/3221 counties...
2025-11-09 14:31:56,804:INFO:Processed 1060/3221 counties...
2025-11-09 14:32:00,703:INFO:Processed 1070/3221 counties...
2025-11-09 14:32:04,453:INFO:Processed 1080/3221 counties...
2025-11-09 14:32:08,006:INFO:Processed 1090/3221 counties...
2025-11-09 14:32:11,704:INFO:Processed 1100/3221 counties...
2025-11-09 14:32:15,492:INFO:Processed 1110/3221 counties...
2025-11-09 14:32:19,180:INFO:Processed 1120/3221 counties...
2025-11-09 14:32:22,967:INFO:Processed 1130/3221 counties...
2025-11-09 14:32:27,212:INFO:Processed 1140/3221 counties...
2025-11-09 14:32:31,027:INFO:Processed 1150/3221 counties...
2025-11-09 14:32:34,756:INFO:Processed 1160/3221 counties...
2025-11-09 14:32:38,664:INFO:Processed 1170/3221 counties...
2025-11-09 14:32:42,137:INFO:Processed 1180/3221 counties...
2025-11-09 14:32:45,598:INFO:Processed 1190/3221 counties...
2025-11-09 14:32:49,129:INFO:Processed 1200/3221 counties...
2025-11-09 14:32:52,898:INFO:Processed 1210/3221 counties...
2025-11-09 14:32:56,482:INFO:Processed 1220/3221 counties...
2025-11-09 14:33:00,353:INFO:Processed 1230/3221 counties...
2025-11-09 14:33:03,927:INFO:Processed 1240/3221 counties...
2025-11-09 14:33:07,730:INFO:Processed 1250/3221 counties...
2025-11-09 14:33:11,879:INFO:Processed 1260/3221 counties...
2025-11-09 14:33:15,537:INFO:Processed 1270/3221 counties...
2025-11-09 14:33:19,349:INFO:Processed 1280/3221 counties...
2025-11-09 14:33:22,976:INFO:Processed 1290/3221 counties...
2025-11-09 14:33:26,824:INFO:Processed 1300/3221 counties...
2025-11-09 14:33:30,387:INFO:Processed 1310/3221 counties...
2025-11-09 14:33:34,341:INFO:Processed 1320/3221 counties...
2025-11-09 14:33:37,926:INFO:Processed 1330/3221 counties...
2025-11-09 14:33:41,878:INFO:Processed 1340/3221 counties...
2025-11-09 14:33:45,726:INFO:Processed 1350/3221 counties...
2025-11-09 14:33:49,060:INFO:Processed 1360/3221 counties...
2025-11-09 14:33:52,918:INFO:Processed 1370/3221 counties...
2025-11-09 14:33:56,589:INFO:Processed 1380/3221 counties...
2025-11-09 14:34:00,694:INFO:Processed 1390/3221 counties...
2025-11-09 14:34:04,343:INFO:Processed 1400/3221 counties...
2025-11-09 14:34:08,310:INFO:Processed 1410/3221 counties...
2025-11-09 14:34:12,007:INFO:Processed 1420/3221 counties...
2025-11-09 14:34:15,815:INFO:Processed 1430/3221 counties...
2025-11-09 14:34:19,232:INFO:Processed 1440/3221 counties...
2025-11-09 14:34:22,470:INFO:Processed 1450/3221 counties...
2025-11-09 14:34:25,970:INFO:Processed 1460/3221 counties...
2025-11-09 14:34:29,534:INFO:Processed 1470/3221 counties...
2025-11-09 14:34:33,732:INFO:Processed 1480/3221 counties...
2025-11-09 14:34:38,098:INFO:Processed 1490/3221 counties...
2025-11-09 14:34:41,995:INFO:Processed 1500/3221 counties...
2025-11-09 14:34:46,123:INFO:Processed 1510/3221 counties...
2025-11-09 14:34:50,220:INFO:Processed 1520/3221 counties...
2025-11-09 14:34:54,040:INFO:Processed 1530/3221 counties...
2025-11-09 14:34:57,729:INFO:Processed 1540/3221 counties...
2025-11-09 14:35:01,367:INFO:Processed 1550/3221 counties...
2025-11-09 14:35:05,170:INFO:Processed 1560/3221 counties...
2025-11-09 14:35:08,868:INFO:Processed 1570/3221 counties...
2025-11-09 14:35:12,553:INFO:Processed 1580/3221 counties...
2025-11-09 14:35:16,481:INFO:Processed 1590/3221 counties...
2025-11-09 14:35:20,427:INFO:Processed 1600/3221 counties...
2025-11-09 14:35:24,136:INFO:Processed 1610/3221 counties...
2025-11-09 14:35:28,139:INFO:Processed 1620/3221 counties...
2025-11-09 14:35:31,981:INFO:Processed 1630/3221 counties...
2025-11-09 14:35:35,968:INFO:Processed 1640/3221 counties...
2025-11-09 14:35:39,621:INFO:Processed 1650/3221 counties...
2025-11-09 14:35:43,223:INFO:Processed 1660/3221 counties...
2025-11-09 14:35:46,849:INFO:Processed 1670/3221 counties...
2025-11-09 14:35:50,415:INFO:Processed 1680/3221 counties...
2025-11-09 14:35:54,025:INFO:Processed 1690/3221 counties...
2025-11-09 14:35:57,550:INFO:Processed 1700/3221 counties...
2025-11-09 14:36:01,258:INFO:Processed 1710/3221 counties...
2025-11-09 14:36:04,780:INFO:Processed 1720/3221 counties...
2025-11-09 14:36:08,657:INFO:Processed 1730/3221 counties...
2025-11-09 14:36:12,236:INFO:Processed 1740/3221 counties...
2025-11-09 14:36:15,749:INFO:Processed 1750/3221 counties...
2025-11-09 14:36:19,804:INFO:Processed 1760/3221 counties...
2025-11-09 14:36:23,593:INFO:Processed 1770/3221 counties...
2025-11-09 14:36:27,248:INFO:Processed 1780/3221 counties...
2025-11-09 14:36:30,720:INFO:Processed 1790/3221 counties...
2025-11-09 14:36:34,474:INFO:Processed 1800/3221 counties...
2025-11-09 14:36:38,295:INFO:Processed 1810/3221 counties...
2025-11-09 14:36:41,763:INFO:Processed 1820/3221 counties...
2025-11-09 14:36:45,360:INFO:Processed 1830/3221 counties...
2025-11-09 14:36:48,696:INFO:Processed 1840/3221 counties...
2025-11-09 14:36:51,741:INFO:Processed 1850/3221 counties...
2025-11-09 14:36:55,456:INFO:Processed 1860/3221 counties...
2025-11-09 14:36:59,225:INFO:Processed 1870/3221 counties...
2025-11-09 14:37:03,238:INFO:Processed 1880/3221 counties...
2025-11-09 14:37:07,132:INFO:Processed 1890/3221 counties...
2025-11-09 14:37:11,328:INFO:Processed 1900/3221 counties...
2025-11-09 14:37:14,763:INFO:Processed 1910/3221 counties...
2025-11-09 14:37:18,395:INFO:Processed 1920/3221 counties...
2025-11-09 14:37:22,238:INFO:Processed 1930/3221 counties...
2025-11-09 14:37:26,258:INFO:Processed 1940/3221 counties...
2025-11-09 14:37:30,274:INFO:Processed 1950/3221 counties...
2025-11-09 14:37:33,881:INFO:Processed 1960/3221 counties...
2025-11-09 14:37:37,996:INFO:Processed 1970/3221 counties...
2025-11-09 14:37:41,794:INFO:Processed 1980/3221 counties...
2025-11-09 14:37:46,145:INFO:Processed 1990/3221 counties...
2025-11-09 14:37:49,671:INFO:Processed 2000/3221 counties...
2025-11-09 14:37:53,823:INFO:Processed 2010/3221 counties...
2025-11-09 14:37:57,754:INFO:Processed 2020/3221 counties...
2025-11-09 14:38:01,368:INFO:Processed 2030/3221 counties...
2025-11-09 14:38:05,195:INFO:Processed 2040/3221 counties...
2025-11-09 14:38:09,135:INFO:Processed 2050/3221 counties...
2025-11-09 14:38:13,078:INFO:Processed 2060/3221 counties...
2025-11-09 14:38:16,565:INFO:Processed 2070/3221 counties...
2025-11-09 14:38:20,348:INFO:Processed 2080/3221 counties...
2025-11-09 14:38:23,872:INFO:Processed 2090/3221 counties...
2025-11-09 14:38:27,816:INFO:Processed 2100/3221 counties...
2025-11-09 14:38:31,612:INFO:Processed 2110/3221 counties...
2025-11-09 14:38:35,438:INFO:Processed 2120/3221 counties...
2025-11-09 14:38:39,194:INFO:Processed 2130/3221 counties...
2025-11-09 14:38:42,846:INFO:Processed 2140/3221 counties...
2025-11-09 14:38:46,376:INFO:Processed 2150/3221 counties...
2025-11-09 14:38:49,919:INFO:Processed 2160/3221 counties...
2025-11-09 14:38:53,453:INFO:Processed 2170/3221 counties...
2025-11-09 14:38:57,519:INFO:Processed 2180/3221 counties...
2025-11-09 14:39:01,068:INFO:Processed 2190/3221 counties...
2025-11-09 14:39:04,502:INFO:Processed 2200/3221 counties...
2025-11-09 14:39:08,055:INFO:Processed 2210/3221 counties...
2025-11-09 14:39:11,536:INFO:Processed 2220/3221 counties...
2025-11-09 14:39:15,240:INFO:Processed 2230/3221 counties...
2025-11-09 14:39:18,964:INFO:Processed 2240/3221 counties...
2025-11-09 14:39:22,606:INFO:Processed 2250/3221 counties...
2025-11-09 14:39:26,693:INFO:Processed 2260/3221 counties...
2025-11-09 14:39:30,494:INFO:Processed 2270/3221 counties...
2025-11-09 14:39:34,485:INFO:Processed 2280/3221 counties...
2025-11-09 14:39:37,991:INFO:Processed 2290/3221 counties...
2025-11-09 14:39:41,820:INFO:Processed 2300/3221 counties...
2025-11-09 14:39:45,187:INFO:Processed 2310/3221 counties...
2025-11-09 14:39:48,880:INFO:Processed 2320/3221 counties...
2025-11-09 14:39:52,388:INFO:Processed 2330/3221 counties...
2025-11-09 14:39:55,932:INFO:Processed 2340/3221 counties...
2025-11-09 14:39:59,987:INFO:Processed 2350/3221 counties...
2025-11-09 14:40:03,607:INFO:Processed 2360/3221 counties...
2025-11-09 14:40:06,844:INFO:Processed 2370/3221 counties...
2025-11-09 14:40:09,959:INFO:Processed 2380/3221 counties...
2025-11-09 14:40:14,145:INFO:Processed 2390/3221 counties...
2025-11-09 14:40:18,700:INFO:Processed 2400/3221 counties...
2025-11-09 14:40:22,239:INFO:Processed 2410/3221 counties...
2025-11-09 14:40:26,015:INFO:Processed 2420/3221 counties...
2025-11-09 14:40:30,383:INFO:Processed 2430/3221 counties...
2025-11-09 14:40:34,522:INFO:Processed 2440/3221 counties...
2025-11-09 14:40:39,094:INFO:Processed 2450/3221 counties...
2025-11-09 14:40:43,465:INFO:Processed 2460/3221 counties...
2025-11-09 14:40:47,486:INFO:Processed 2470/3221 counties...
2025-11-09 14:40:51,141:INFO:Processed 2480/3221 counties...
2025-11-09 14:40:55,162:INFO:Processed 2490/3221 counties...
2025-11-09 14:40:58,672:INFO:Processed 2500/3221 counties...
2025-11-09 14:41:02,731:INFO:Processed 2510/3221 counties...
2025-11-09 14:41:06,679:INFO:Processed 2520/3221 counties...
2025-11-09 14:41:10,192:INFO:Processed 2530/3221 counties...
2025-11-09 14:41:14,708:INFO:Processed 2540/3221 counties...
2025-11-09 14:41:18,695:INFO:Processed 2550/3221 counties...
2025-11-09 14:41:22,793:INFO:Processed 2560/3221 counties...
2025-11-09 14:41:26,585:INFO:Processed 2570/3221 counties...
2025-11-09 14:41:30,915:INFO:Processed 2580/3221 counties...
2025-11-09 14:41:34,954:INFO:Processed 2590/3221 counties...
2025-11-09 14:41:38,993:INFO:Processed 2600/3221 counties...
2025-11-09 14:41:42,895:INFO:Processed 2610/3221 counties...
2025-11-09 14:41:47,097:INFO:Processed 2620/3221 counties...
2025-11-09 14:41:51,192:INFO:Processed 2630/3221 counties...
2025-11-09 14:41:55,389:INFO:Processed 2640/3221 counties...
2025-11-09 14:41:59,222:INFO:Processed 2650/3221 counties...
2025-11-09 14:42:03,582:INFO:Processed 2660/3221 counties...
2025-11-09 14:42:07,370:INFO:Processed 2670/3221 counties...
2025-11-09 14:42:11,056:INFO:Processed 2680/3221 counties...
2025-11-09 14:42:14,534:INFO:Processed 2690/3221 counties...
2025-11-09 14:42:18,086:INFO:Processed 2700/3221 counties...
2025-11-09 14:42:21,850:INFO:Processed 2710/3221 counties...
2025-11-09 14:42:25,518:INFO:Processed 2720/3221 counties...
2025-11-09 14:42:29,006:INFO:Processed 2730/3221 counties...
2025-11-09 14:42:32,665:INFO:Processed 2740/3221 counties...
2025-11-09 14:42:36,569:INFO:Processed 2750/3221 counties...
2025-11-09 14:42:40,659:INFO:Processed 2760/3221 counties...
2025-11-09 14:42:44,191:INFO:Processed 2770/3221 counties...
2025-11-09 14:42:47,977:INFO:Processed 2780/3221 counties...
2025-11-09 14:42:51,612:INFO:Processed 2790/3221 counties...
2025-11-09 14:42:55,192:INFO:Processed 2800/3221 counties...
2025-11-09 14:42:58,795:INFO:Processed 2810/3221 counties...
2025-11-09 14:43:02,563:INFO:Processed 2820/3221 counties...
2025-11-09 14:43:06,321:INFO:Processed 2830/3221 counties...
2025-11-09 14:43:10,016:INFO:Processed 2840/3221 counties...
2025-11-09 14:43:13,914:INFO:Processed 2850/3221 counties...
2025-11-09 14:43:17,719:INFO:Processed 2860/3221 counties...
2025-11-09 14:43:21,135:INFO:Processed 2870/3221 counties...
2025-11-09 14:43:24,539:INFO:Processed 2880/3221 counties...
2025-11-09 14:43:28,058:INFO:Processed 2890/3221 counties...
2025-11-09 14:43:31,703:INFO:Processed 2900/3221 counties...
2025-11-09 14:43:35,762:INFO:Processed 2910/3221 counties...
2025-11-09 14:43:39,605:INFO:Processed 2920/3221 counties...
2025-11-09 14:43:43,223:INFO:Processed 2930/3221 counties...
2025-11-09 14:43:46,867:INFO:Processed 2940/3221 counties...
2025-11-09 14:43:50,535:INFO:Processed 2950/3221 counties...
2025-11-09 14:43:54,378:INFO:Processed 2960/3221 counties...
2025-11-09 14:43:58,579:INFO:Processed 2970/3221 counties...
2025-11-09 14:44:02,401:INFO:Processed 2980/3221 counties...
2025-11-09 14:44:06,326:INFO:Processed 2990/3221 counties...
2025-11-09 14:44:09,962:INFO:Processed 3000/3221 counties...
2025-11-09 14:44:13,988:INFO:Processed 3010/3221 counties...
2025-11-09 14:44:17,830:INFO:Processed 3020/3221 counties...
2025-11-09 14:44:21,516:INFO:Processed 3030/3221 counties...
2025-11-09 14:44:24,990:INFO:Processed 3040/3221 counties...
2025-11-09 14:44:28,741:INFO:Processed 3050/3221 counties...
2025-11-09 14:44:32,149:INFO:Processed 3060/3221 counties...
2025-11-09 14:44:35,882:INFO:Processed 3070/3221 counties...
2025-11-09 14:44:39,549:INFO:Processed 3080/3221 counties...
2025-11-09 14:44:43,280:INFO:Processed 3090/3221 counties...
2025-11-09 14:44:46,737:INFO:Processed 3100/3221 counties...
2025-11-09 14:44:50,599:INFO:Processed 3110/3221 counties...
2025-11-09 14:44:54,361:INFO:Processed 3120/3221 counties...
2025-11-09 14:44:57,893:INFO:Processed 3130/3221 counties...
2025-11-09 14:45:02,476:INFO:Processed 3140/3221 counties...
2025-11-09 14:45:06,117:INFO:Processed 3150/3221 counties...
2025-11-09 14:45:09,662:INFO:Processed 3160/3221 counties...
2025-11-09 14:45:13,455:INFO:Processed 3170/3221 counties...
2025-11-09 14:45:17,531:INFO:Processed 3180/3221 counties...
2025-11-09 14:45:21,371:INFO:Processed 3190/3221 counties...
2025-11-09 14:45:25,212:INFO:Processed 3200/3221 counties...
2025-11-09 14:45:28,827:INFO:Processed 3210/3221 counties...
2025-11-09 14:45:32,583:INFO:Processed 3220/3221 counties...
2025-11-09 14:45:32,943:INFO:Forecasting completed for 3221 counties using IBM Time Series Forecasting.
2025-11-09 14:45:32,956:INFO:Saving forecast results to /Users/chuu/Documents/Government-Shutdown-Impact-Predictor/data/processed/regional_risk.csv...
2025-11-09 14:45:32,975:INFO:Forecast results saved. Total counties: 3221
